2025-02-24 21:24:56 [INFO] Verifying dependencies...
2025-02-24 21:24:57 [INFO] Verified all dependencies.
2025-02-24 21:24:57 [WARNING] PyNaCl is not installed, voice will NOT be supported
2025-02-24 21:24:57 [INFO] Using intents: <Intents value=3276543>
2025-02-24 21:24:57 [INFO] Loading Ikea furniture data from: ./data/ikea-furniture.csv
2025-02-24 21:24:57 [INFO] Successfully loaded Ikea furniture data
2025-02-24 21:24:57 [INFO] Applying command cog
2025-02-24 21:24:57 [INFO] Successfully applied commands.
2025-02-24 21:24:57 [INFO] Client instance built.
2025-02-24 21:24:57 [INFO] logging in using static token
2025-02-24 21:24:57 [INFO] Shard ID None has sent the IDENTIFY payload.
2025-02-24 21:24:57 [INFO] Shard ID None has connected to Gateway: <redacted>
2025-02-24 21:24:59 [INFO] Successfully connected to the discord API
2025-02-24 21:24:59 [INFO] Client logged in as bot user: <redacted>
2025-02-24 21:24:59 [INFO] Client is ready.
2025-02-24 21:24:59 [INFO] Commands are ready.
2025-02-24 21:28:02 [INFO] Received signal to terminate bot and event loop.
2025-02-24 21:28:02 [INFO] Cleaning up tasks.
2025-02-24 21:28:02 [INFO] Cleaning up after 1 tasks.
2025-02-24 21:28:02 [INFO] All tasks finished cancelling.
2025-02-24 21:28:02 [INFO] Closing the event loop.